<<<<<<< HEAD
﻿Build started 12/10/2011 5:16:18 PM.
=======
﻿Build started 12/10/2011 5:49:22 PM.
>>>>>>> Manuel
     1>Project "E:\gt\Tertian\Tertian\Tertian\Tertian.vcxproj" on node 2 (build target(s)).
     1>InitializeBuildStatus:
         Creating "Debug\Tertian.unsuccessfulbuild" because "AlwaysCreate" was specified.
       ClCompile:
         C:\vs2k10\VC\bin\CL.exe /c /Zi /nologo /W3 /WX- /Od /Oy- /D WIN32 /D _DEBUG /D _CONSOLE /D _UNICODE /D UNICODE /Gm /EHsc /RTC1 /MDd /GS /fp:precise /Zc:wchar_t /Zc:forScope /Fo"Debug\\" /Fd"Debug\vc100.pdb" /Gd /TP /analyze- /errorReport:prompt Source\main.cpp
         main.cpp
       ManifestResourceCompile:
         All outputs are up-to-date.
       Link:
         C:\vs2k10\VC\bin\link.exe /ERRORREPORT:PROMPT /OUT:"E:\gt\Tertian\Tertian\Debug\Tertian.exe" /INCREMENTAL /NOLOGO kernel32.lib user32.lib gdi32.lib winspool.lib comdlg32.lib advapi32.lib shell32.lib ole32.lib oleaut32.lib uuid.lib odbc32.lib odbccp32.lib kernel32.lib user32.lib gdi32.lib winspool.lib comdlg32.lib advapi32.lib shell32.lib ole32.lib oleaut32.lib uuid.lib odbc32.lib odbccp32.lib SDLmain.lib SDL.lib SDL_ttf.lib /MANIFEST /ManifestFile:"Debug\Tertian.exe.intermediate.manifest" /MANIFESTUAC:"level='asInvoker' uiAccess='false'" /DEBUG /PDB:"E:\gt\Tertian\Tertian\Debug\Tertian.pdb" /SUBSYSTEM:CONSOLE /TLBID:1 /DYNAMICBASE /NXCOMPAT /IMPLIB:"E:\gt\Tertian\Tertian\Debug\Tertian.lib" /MACHINE:X86 Debug\Tertian.exe.embed.manifest.res
         Debug\Graphics.obj
         Debug\main.obj
         Debug\SDLApplication.obj
         Debug\Timer.obj
       Manifest:
         c:\Program Files (x86)\Microsoft SDKs\Windows\v7.0A\bin\mt.exe /nologo /verbose /out:"Debug\Tertian.exe.embed.manifest" /manifest Debug\Tertian.exe.intermediate.manifest
         All outputs are up-to-date.
       LinkEmbedManifest:
         All outputs are up-to-date.
         Tertian.vcxproj -> E:\gt\Tertian\Tertian\Debug\Tertian.exe
       FinalizeBuildStatus:
         Deleting file "Debug\Tertian.unsuccessfulbuild".
         Touching "Debug\Tertian.lastbuildstate".
     1>Done Building Project "E:\gt\Tertian\Tertian\Tertian\Tertian.vcxproj" (build target(s)).

Build succeeded.

Time Elapsed 00:00:00.61
